{"name":"executionSuite","status":"broken","statusDetails":{"known":false,"muted":false,"flaky":false,"message":"Error communicating with the remote browser. It may have died.\nBuild info: version: '3.14.0', revision: 'aacccce0', time: '2018-08-02T20:19:58.91Z'\nSystem info: host: 'DESKTOP-DH9SH1M', ip: '10.12.3.157', os.name: 'Windows 10', os.arch: 'amd64', os.version: '10.0', java.version: '14.0.1'\nDriver info: driver.version: RemoteWebDriver\nCapabilities {acceptInsecureCerts: false, browserName: chrome, browserVersion: 84.0.4147.135, chrome: {chromedriverVersion: 83.0.4103.39 (ccbf011cb2d2b..., userDataDir: C:\\Users\\Temp\\AppData\\Local...}, goog:chromeOptions: {debuggerAddress: localhost:56963}, javascriptEnabled: true, networkConnectionEnabled: false, pageLoadStrategy: normal, platform: WINDOWS, platformName: WINDOWS, proxy: Proxy(), setWindowRect: true, strictFileInteractability: false, timeouts: {implicit: 0, pageLoad: 300000, script: 30000}, unhandledPromptBehavior: dismiss and notify, webauthn:virtualAuthenticators: true}\nSession ID: 0258daf83862cc19ef4584411fceaca9","trace":"org.openqa.selenium.remote.UnreachableBrowserException: Error communicating with the remote browser. It may have died.\nBuild info: version: '3.14.0', revision: 'aacccce0', time: '2018-08-02T20:19:58.91Z'\nSystem info: host: 'DESKTOP-DH9SH1M', ip: '10.12.3.157', os.name: 'Windows 10', os.arch: 'amd64', os.version: '10.0', java.version: '14.0.1'\nDriver info: driver.version: RemoteWebDriver\nCapabilities {acceptInsecureCerts: false, browserName: chrome, browserVersion: 84.0.4147.135, chrome: {chromedriverVersion: 83.0.4103.39 (ccbf011cb2d2b..., userDataDir: C:\\Users\\Temp\\AppData\\Local...}, goog:chromeOptions: {debuggerAddress: localhost:56963}, javascriptEnabled: true, networkConnectionEnabled: false, pageLoadStrategy: normal, platform: WINDOWS, platformName: WINDOWS, proxy: Proxy(), setWindowRect: true, strictFileInteractability: false, timeouts: {implicit: 0, pageLoad: 300000, script: 30000}, unhandledPromptBehavior: dismiss and notify, webauthn:virtualAuthenticators: true}\nSession ID: 0258daf83862cc19ef4584411fceaca9\r\n\tat org.openqa.selenium.remote.RemoteWebDriver.execute(RemoteWebDriver.java:569)\r\n\tat org.openqa.selenium.remote.RemoteWebDriver.execute(RemoteWebDriver.java:605)\r\n\tat org.openqa.selenium.remote.RemoteWebDriver.quit(RemoteWebDriver.java:448)\r\n\tat testRunner.TestExecutionSuite.executionSuite(TestExecutionSuite.java:162)\r\n\tat java.base/jdk.internal.reflect.NativeMethodAccessorImpl.invoke0(Native Method)\r\n\tat java.base/jdk.internal.reflect.NativeMethodAccessorImpl.invoke(NativeMethodAccessorImpl.java:62)\r\n\tat java.base/jdk.internal.reflect.DelegatingMethodAccessorImpl.invoke(DelegatingMethodAccessorImpl.java:43)\r\n\tat java.base/java.lang.reflect.Method.invoke(Method.java:564)\r\n\tat org.testng.internal.MethodInvocationHelper.invokeMethod(MethodInvocationHelper.java:86)\r\n\tat org.testng.internal.Invoker.invokeMethod(Invoker.java:643)\r\n\tat org.testng.internal.Invoker.invokeTestMethod(Invoker.java:820)\r\n\tat org.testng.internal.Invoker.invokeTestMethods(Invoker.java:1128)\r\n\tat org.testng.internal.TestMethodWorker.invokeTestMethods(TestMethodWorker.java:129)\r\n\tat org.testng.internal.TestMethodWorker.run(TestMethodWorker.java:112)\r\n\tat org.testng.TestRunner.privateRun(TestRunner.java:782)\r\n\tat org.testng.TestRunner.run(TestRunner.java:632)\r\n\tat org.testng.SuiteRunner.runTest(SuiteRunner.java:366)\r\n\tat org.testng.SuiteRunner.access$000(SuiteRunner.java:39)\r\n\tat org.testng.SuiteRunner$SuiteWorker.run(SuiteRunner.java:400)\r\n\tat org.testng.internal.thread.ThreadUtil$2.call(ThreadUtil.java:64)\r\n\tat java.base/java.util.concurrent.FutureTask.run(FutureTask.java:264)\r\n\tat java.base/java.util.concurrent.ThreadPoolExecutor.runWorker(ThreadPoolExecutor.java:1130)\r\n\tat java.base/java.util.concurrent.ThreadPoolExecutor$Worker.run(ThreadPoolExecutor.java:630)\r\n\tat java.base/java.lang.Thread.run(Thread.java:832)\r\nCaused by: java.lang.RuntimeException: java.util.concurrent.TimeoutException\r\n\tat org.openqa.selenium.net.UrlChecker.waitUntilUnavailable(UrlChecker.java:145)\r\n\tat org.openqa.selenium.remote.service.DriverService.stop(DriverService.java:215)\r\n\tat org.openqa.selenium.remote.service.DriverCommandExecutor.execute(DriverCommandExecutor.java:95)\r\n\tat org.openqa.selenium.remote.RemoteWebDriver.execute(RemoteWebDriver.java:548)\r\n\t... 23 more\r\nCaused by: java.util.concurrent.TimeoutException\r\n\tat java.base/java.util.concurrent.FutureTask.get(FutureTask.java:204)\r\n\tat com.google.common.util.concurrent.SimpleTimeLimiter.callWithTimeout(SimpleTimeLimiter.java:156)\r\n\tat org.openqa.selenium.net.UrlChecker.waitUntilUnavailable(UrlChecker.java:115)\r\n\t... 26 more\r\n"},"stage":"finished","steps":[],"attachments":[],"parameters":[{"name":"BrowserName","value":"Desktop"},{"name":"LoBName","value":"Pricing"},{"name":"ScriptReference","value":"CreateNewFAMILYFLOATERflowPricing"},{"name":"ScenarioID","value":"TCS_FamilyPlatEssen_0208"},{"name":"Description","value":"Room type \"Single Private\" does not have any discounts"},{"name":"TestScenario_RepositoryFileIndex","value":"TCS_Return\\TestScenarioSuite\\CalculationScanerio\\0003_ScenarioSuite_CalculationScanerio.xlsx"},{"name":"Product","value":""},{"name":"TestData_RepositoryFile","value":"TCS_Return\\TestDataSuite\\CalculationData\\0002_TestDataSuite_FinalMerge_CalculatePremium.xlsx"},{"name":"Module","value":"TCS"},{"name":"ScenarioUID","value":"TCS_FamilyPlatEssen_0208"}],"start":1598423892187,"stop":1598424227480,"uuid":"956eb77a-4c08-42fb-a22e-7108ec960aa4","historyId":"85b3c7db45850e08b55dd0f7d93c7f","fullName":"testRunner.TestExecutionSuite.executionSuite","labels":[{"name":"package","value":"testRunner.TestExecutionSuite"},{"name":"testClass","value":"testRunner.TestExecutionSuite"},{"name":"testMethod","value":"executionSuite"},{"name":"parentSuite","value":"Pricing"},{"name":"suite","value":"TCS_FamilyPlatEssen_0208"},{"name":"subSuite","value":"testRunner.TestExecutionSuite"},{"name":"host","value":"DESKTOP-DH9SH1M"},{"name":"thread","value":"7088@DESKTOP-DH9SH1M.TestNG(14)"},{"name":"framework","value":"testng"},{"name":"language","value":"java"}],"links":[]}